0 info it worked if it ends with ok
1 verbose cli [ 'D:\\softs\\nodejs\\node.exe',
1 verbose cli   'C:\\Users\\petitjean\\AppData\\Roaming\\npm\\node_modules\\npm\\bin\\npm-cli.js',
1 verbose cli   'run',
1 verbose cli   'release' ]
2 info using npm@3.7.3
3 info using node@v6.9.1
4 verbose stack Error: Invalid version: "1"
4 verbose stack     at Object.fixVersionField (C:\Users\petitjean\AppData\Roaming\npm\node_modules\npm\node_modules\normalize-package-data\lib\fixer.js:191:13)
4 verbose stack     at C:\Users\petitjean\AppData\Roaming\npm\node_modules\npm\node_modules\normalize-package-data\lib\normalize.js:32:38
4 verbose stack     at Array.forEach (native)
4 verbose stack     at normalize (C:\Users\petitjean\AppData\Roaming\npm\node_modules\npm\node_modules\normalize-package-data\lib\normalize.js:31:15)
4 verbose stack     at final (C:\Users\petitjean\AppData\Roaming\npm\node_modules\npm\node_modules\read-package-json\read-json.js:338:5)
4 verbose stack     at then (C:\Users\petitjean\AppData\Roaming\npm\node_modules\npm\node_modules\read-package-json\read-json.js:113:5)
4 verbose stack     at ReadFileContext.<anonymous> (C:\Users\petitjean\AppData\Roaming\npm\node_modules\npm\node_modules\read-package-json\read-json.js:284:20)
4 verbose stack     at ReadFileContext.callback (C:\Users\petitjean\AppData\Roaming\npm\node_modules\npm\node_modules\graceful-fs\graceful-fs.js:78:16)
4 verbose stack     at FSReqWrap.readFileAfterOpen [as oncomplete] (fs.js:365:13)
5 verbose cwd E:\Code\github\reveillon-2016
6 error Windows_NT 6.1.7601
7 error argv "D:\\softs\\nodejs\\node.exe" "C:\\Users\\petitjean\\AppData\\Roaming\\npm\\node_modules\\npm\\bin\\npm-cli.js" "run" "release"
8 error node v6.9.1
9 error npm  v3.7.3
10 error Invalid version: "1"
11 error If you need help, you may report this error at:
11 error     <https://github.com/npm/npm/issues>
12 verbose exit [ 1, true ]
